<?xml version="1.0" encoding="UTF-8"?>
<!-- Generated by org.testng.reporters.JUnitReportReporter -->
<testsuite hostname="Yathirv" failures="0" tests="2" name="Maven.SeleniumTest" time="0.007" errors="0" timestamp="2022-02-01T19:32:02 IST" skipped="0">
  <testcase classname="Maven.SeleniumTest" name="ElementsUI" time="0.001"/>
  <system-out/>
  <testcase classname="Maven.SeleniumTest" name="BrowserAutomation" time="0.006"/>
  <system-out/>
</testsuite> <!-- Maven.SeleniumTest -->
