<?xml version="1.0" encoding="UTF-8"?>
<!-- Generated by org.testng.reporters.JUnitReportReporter -->
<testsuite hostname="Yathirv" failures="0" tests="2" name="Maven.RestAPITest" time="0.008" errors="0" timestamp="2022-02-01T19:31:55 IST" skipped="0">
  <testcase classname="Maven.RestAPITest" name="PostJira" time="0.001"/>
  <system-out/>
  <testcase classname="Maven.RestAPITest" name="DeleteTwitter" time="0.007"/>
  <system-out/>
</testsuite> <!-- Maven.RestAPITest -->
