<?xml version="1.0" encoding="UTF-8"?>
<!-- Generated by org.testng.reporters.JUnitReportReporter -->
<testsuite hostname="Yathirv" failures="0" tests="2" name="Maven.RestAPITest" time="0.009" errors="0" timestamp="2022-02-09T13:40:48 IST" skipped="0">
  <testcase classname="Maven.RestAPITest" name="PostJira" time="0.001"/>
  <system-out/>
  <testcase classname="Maven.RestAPITest" name="DeleteTwitter" time="0.008"/>
  <system-out/>
</testsuite> <!-- Maven.RestAPITest -->
