<?xml version="1.0" encoding="UTF-8"?>
<!-- Generated by org.testng.reporters.JUnitReportReporter -->
<testsuite hostname="Yathirv" failures="0" tests="2" name="Maven.AppiumTest" time="0.007" errors="0" timestamp="2022-02-01T19:31:37 IST" skipped="0">
  <testcase classname="Maven.AppiumTest" name="IOS" time="0.001"/>
  <system-out/>
  <testcase classname="Maven.AppiumTest" name="AndroidApp" time="0.006"/>
  <system-out/>
</testsuite> <!-- Maven.AppiumTest -->
