<?xml version="1.0" encoding="UTF-8"?>
<!-- Generated by org.testng.reporters.JUnitReportReporter -->
<testsuite hostname="Yathirv" failures="0" tests="2" name="Maven.SeleniumTest" time="0.011" errors="0" timestamp="2022-02-09T13:40:48 IST" skipped="0">
  <testcase classname="Maven.SeleniumTest" name="BrowserAutomation" time="0.008"/>
  <system-out/>
  <testcase classname="Maven.SeleniumTest" name="ElementsUI" time="0.003"/>
  <system-out/>
</testsuite> <!-- Maven.SeleniumTest -->
