<?xml version="1.0" encoding="UTF-8"?>
<!-- Generated by org.testng.reporters.JUnitReportReporter -->
<testsuite hostname="Yathirv" failures="0" tests="2" name="Maven.AppiumTest" time="0.010" errors="0" timestamp="2022-02-09T13:40:48 IST" skipped="0">
  <testcase classname="Maven.AppiumTest" name="IOS" time="0.002"/>
  <system-out/>
  <testcase classname="Maven.AppiumTest" name="AndroidApp" time="0.008"/>
  <system-out/>
</testsuite> <!-- Maven.AppiumTest -->
